[debug] [2023-10-31T09:34:38.827Z] ----------------------------------------------------------------------
[debug] [2023-10-31T09:34:38.830Z] Command:       C:\Program Files\nodejs\node.exe C:\Users\sindh\AppData\Roaming\npm\node_modules\firebase-tools\lib\bin\firebase.js init
[debug] [2023-10-31T09:34:38.831Z] CLI Version:   12.6.2
[debug] [2023-10-31T09:34:38.831Z] Platform:      win32
[debug] [2023-10-31T09:34:38.832Z] Node Version:  v20.9.0
[debug] [2023-10-31T09:34:38.832Z] Time:          Tue Oct 31 2023 15:04:38 GMT+0530 (India Standard Time)
[debug] [2023-10-31T09:34:38.832Z] ----------------------------------------------------------------------
[debug] 
[debug] [2023-10-31T09:34:38.923Z] > command requires scopes: ["email","openid","https://www.googleapis.com/auth/cloudplatformprojects.readonly","https://www.googleapis.com/auth/firebase","https://www.googleapis.com/auth/cloud-platform"]
[debug] [2023-10-31T09:34:38.923Z] > authorizing via signed-in user (sindhukodaboina2002@gmail.com)
[info] 
     ######## #### ########  ######## ########     ###     ######  ########
     ##        ##  ##     ## ##       ##     ##  ##   ##  ##       ##
     ######    ##  ########  ######   ########  #########  ######  ######
     ##        ##  ##    ##  ##       ##     ## ##     ##       ## ##
     ##       #### ##     ## ######## ########  ##     ##  ######  ########

You're about to initialize a Firebase project in this directory:

  C:\Users\sindh

Before we get started, keep in mind:

  * You are initializing within an existing Firebase project directory

[info] 
=== Project Setup
[info] 
[info] First, let's associate this project directory with a Firebase project.
[info] You can create multiple project aliases by running firebase use --add, 
[info] but for now we'll just set up a default project.
[info] 
[debug] [2023-10-31T09:34:47.306Z] Using project from CLI flag: hello-35908
[debug] [2023-10-31T09:34:47.312Z] >>> [apiv2][query] GET https://firebase.googleapis.com/v1beta1/projects/hello-35908 [none]
[debug] [2023-10-31T09:34:48.406Z] <<< [apiv2][status] GET https://firebase.googleapis.com/v1beta1/projects/hello-35908 200
[debug] [2023-10-31T09:34:48.407Z] <<< [apiv2][body] GET https://firebase.googleapis.com/v1beta1/projects/hello-35908 {"projectId":"hello-35908","projectNumber":"269329500058","displayName":"hello","name":"projects/hello-35908","resources":{"hostingSite":"hello-35908"},"state":"ACTIVE","etag":"1_6f03806c-0dae-462f-8b9e-3f6bb571a95b"}
[info] i  Using project hello-35908 (hello) 
[info] 
=== Hosting Setup
[info] 
[info] Your public directory is the folder (relative to your project directory) that
[info] will contain Hosting assets to be uploaded with firebase deploy. If you
[info] have a build process for your assets, use your build's output directory.
[info] 
